# JRE version: Java(TM) SE Runtime Environment 18.9 (11.0.26+7) (build 11.0.26+7-LTS-187)
# Java VM: Java HotSpot(TM) 64-Bit Server VM 18.9 (11.0.26+7-LTS-187, mixed mode, tiered, compressed oops, g1 gc, windows-amd64)
Heap:
 garbage-first heap   total 126976K, used 46359K [0x00000000e0000000, 0x0000000100000000)
  region size 1024K, 26 young (26624K), 6 survivors (6144K)
 Metaspace       used 72001K, capacity 73665K, committed 73728K, reserved 1114112K
  class space    used 8299K, capacity 8956K, committed 8960K, reserved 1048576K
GC Heap History (10 events):
Event: 12.667 GC heap before
{Heap before GC invocations=17 (full 0):
 garbage-first heap   total 126976K, used 72938K [0x00000000e0000000, 0x0000000100000000)
  region size 1024K, 57 young (58368K), 7 survivors (7168K)
 Metaspace       used 58759K, capacity 60087K, committed 60160K, reserved 1101824K
  class space    used 6641K, capacity 7162K, committed 7168K, reserved 1048576K
}
Event: 12.675 GC heap after
{Heap after GC invocations=18 (full 0):
 garbage-first heap   total 126976K, used 22456K [0x00000000e0000000, 0x0000000100000000)
  region size 1024K, 4 young (4096K), 4 survivors (4096K)
 Metaspace       used 58759K, capacity 60087K, committed 60160K, reserved 1101824K
  class space    used 6641K, capacity 7162K, committed 7168K, reserved 1048576K
}
Event: 13.349 GC heap before
{Heap before GC invocations=19 (full 0):
 garbage-first heap   total 126976K, used 93112K [0x00000000e0000000, 0x0000000100000000)
  region size 1024K, 74 young (75776K), 4 survivors (4096K)
 Metaspace       used 62091K, capacity 63479K, committed 63616K, reserved 1105920K
  class space    used 7139K, capacity 7714K, committed 7808K, reserved 1048576K
}
Event: 13.354 GC heap after
{Heap after GC invocations=20 (full 0):
 garbage-first heap   total 126976K, used 22902K [0x00000000e0000000, 0x0000000100000000)
  region size 1024K, 5 young (5120K), 5 survivors (5120K)
 Metaspace       used 62091K, capacity 63479K, committed 63616K, reserved 1105920K
  class space    used 7139K, capacity 7714K, committed 7808K, reserved 1048576K
}
Event: 14.181 GC heap before
{Heap before GC invocations=20 (full 0):
 garbage-first heap   total 126976K, used 93558K [0x00000000e0000000, 0x0000000100000000)
  region size 1024K, 74 young (75776K), 5 survivors (5120K)
 Metaspace       used 65671K, capacity 67051K, committed 67328K, reserved 1107968K
  class space    used 7559K, capacity 8116K, committed 8192K, reserved 1048576K
}
Event: 14.189 GC heap after
{Heap after GC invocations=21 (full 0):
 garbage-first heap   total 126976K, used 24001K [0x00000000e0000000, 0x0000000100000000)
  region size 1024K, 6 young (6144K), 6 survivors (6144K)
 Metaspace       used 65671K, capacity 67051K, committed 67328K, reserved 1107968K
  class space    used 7559K, capacity 8116K, committed 8192K, reserved 1048576K
}
Event: 15.528 GC heap before
{Heap before GC invocations=21 (full 0):
 garbage-first heap   total 126976K, used 93633K [0x00000000e0000000, 0x0000000100000000)
  region size 1024K, 74 young (75776K), 6 survivors (6144K)
 Metaspace       used 68225K, capacity 69632K, committed 69888K, reserved 1110016K
  class space    used 7820K, capacity 8381K, committed 8448K, reserved 1048576K
}
Event: 15.535 GC heap after
{Heap after GC invocations=22 (full 0):
 garbage-first heap   total 126976K, used 25725K [0x00000000e0000000, 0x0000000100000000)
  region size 1024K, 7 young (7168K), 7 survivors (7168K)
 Metaspace       used 68225K, capacity 69632K, committed 69888K, reserved 1110016K
  class space    used 7820K, capacity 8381K, committed 8448K, reserved 1048576K
}
Event: 16.319 GC heap before
{Heap before GC invocations=22 (full 0):
 garbage-first heap   total 126976K, used 94333K [0x00000000e0000000, 0x0000000100000000)
  region size 1024K, 74 young (75776K), 7 survivors (7168K)
 Metaspace       used 71195K, capacity 72774K, committed 72960K, reserved 1114112K
  class space    used 8196K, capacity 8850K, committed 8960K, reserved 1048576K
}
Event: 16.327 GC heap after
{Heap after GC invocations=23 (full 0):
 garbage-first heap   total 126976K, used 26903K [0x00000000e0000000, 0x0000000100000000)
  region size 1024K, 6 young (6144K), 6 survivors (6144K)
 Metaspace       used 71195K, capacity 72774K, committed 72960K, reserved 1114112K
  class space    used 8196K, capacity 8850K, committed 8960K, reserved 1048576K
}

