# JRE version: Java(TM) SE Runtime Environment 18.9 (11.0.26+7) (build 11.0.26+7-LTS-187)
# Java VM: Java HotSpot(TM) 64-Bit Server VM 18.9 (11.0.26+7-LTS-187, mixed mode, tiered, compressed oops, g1 gc, windows-amd64)
Heap:
 garbage-first heap   total 126976K, used 52540K [0x00000000e0000000, 0x0000000100000000)
  region size 1024K, 45 young (46080K), 5 survivors (5120K)
 Metaspace       used 34812K, capacity 35818K, committed 35840K, reserved 1081344K
  class space    used 3796K, capacity 4208K, committed 4224K, reserved 1048576K
GC Heap History (10 events):
Event: 3.690 GC heap before
{Heap before GC invocations=2 (full 0):
 garbage-first heap   total 126976K, used 69062K [0x00000000e0000000, 0x0000000100000000)
  region size 1024K, 66 young (67584K), 6 survivors (6144K)
 Metaspace       used 20492K, capacity 21126K, committed 21248K, reserved 1069056K
  class space    used 2187K, capacity 2442K, committed 2560K, reserved 1048576K
}
Event: 3.699 GC heap after
{Heap after GC invocations=3 (full 0):
 garbage-first heap   total 126976K, used 10450K [0x00000000e0000000, 0x0000000100000000)
  region size 1024K, 4 young (4096K), 4 survivors (4096K)
 Metaspace       used 20492K, capacity 21126K, committed 21248K, reserved 1069056K
  class space    used 2187K, capacity 2442K, committed 2560K, reserved 1048576K
}
Event: 4.939 GC heap before
{Heap before GC invocations=4 (full 0):
 garbage-first heap   total 126976K, used 82130K [0x00000000e0000000, 0x0000000100000000)
  region size 1024K, 74 young (75776K), 4 survivors (4096K)
 Metaspace       used 24480K, capacity 25192K, committed 25216K, reserved 1071104K
  class space    used 2625K, capacity 2928K, committed 2944K, reserved 1048576K
}
Event: 4.945 GC heap after
{Heap after GC invocations=5 (full 0):
 garbage-first heap   total 126976K, used 11435K [0x00000000e0000000, 0x0000000100000000)
  region size 1024K, 5 young (5120K), 5 survivors (5120K)
 Metaspace       used 24480K, capacity 25192K, committed 25216K, reserved 1071104K
  class space    used 2625K, capacity 2928K, committed 2944K, reserved 1048576K
}
Event: 5.840 GC heap before
{Heap before GC invocations=5 (full 0):
 garbage-first heap   total 126976K, used 82091K [0x00000000e0000000, 0x0000000100000000)
  region size 1024K, 74 young (75776K), 5 survivors (5120K)
 Metaspace       used 28160K, capacity 28995K, committed 29056K, reserved 1075200K
  class space    used 3085K, capacity 3420K, committed 3456K, reserved 1048576K
}
Event: 5.847 GC heap after
{Heap after GC invocations=6 (full 0):
 garbage-first heap   total 126976K, used 12681K [0x00000000e0000000, 0x0000000100000000)
  region size 1024K, 6 young (6144K), 6 survivors (6144K)
 Metaspace       used 28160K, capacity 28995K, committed 29056K, reserved 1075200K
  class space    used 3085K, capacity 3420K, committed 3456K, reserved 1048576K
}
Event: 6.188 GC heap before
{Heap before GC invocations=6 (full 0):
 garbage-first heap   total 126976K, used 81289K [0x00000000e0000000, 0x0000000100000000)
  region size 1024K, 74 young (75776K), 6 survivors (6144K)
 Metaspace       used 30649K, capacity 31584K, committed 31616K, reserved 1077248K
  class space    used 3325K, capacity 3709K, committed 3712K, reserved 1048576K
}
Event: 6.195 GC heap after
{Heap after GC invocations=7 (full 0):
 garbage-first heap   total 126976K, used 12997K [0x00000000e0000000, 0x0000000100000000)
  region size 1024K, 4 young (4096K), 4 survivors (4096K)
 Metaspace       used 30649K, capacity 31584K, committed 31616K, reserved 1077248K
  class space    used 3325K, capacity 3709K, committed 3712K, reserved 1048576K
}
Event: 6.564 GC heap before
{Heap before GC invocations=7 (full 0):
 garbage-first heap   total 126976K, used 84677K [0x00000000e0000000, 0x0000000100000000)
  region size 1024K, 74 young (75776K), 4 survivors (4096K)
 Metaspace       used 33244K, capacity 34210K, committed 34304K, reserved 1079296K
  class space    used 3610K, capacity 4006K, committed 4096K, reserved 1048576K
}
Event: 6.568 GC heap after
{Heap after GC invocations=8 (full 0):
 garbage-first heap   total 126976K, used 13628K [0x00000000e0000000, 0x0000000100000000)
  region size 1024K, 5 young (5120K), 5 survivors (5120K)
 Metaspace       used 33244K, capacity 34210K, committed 34304K, reserved 1079296K
  class space    used 3610K, capacity 4006K, committed 4096K, reserved 1048576K
}

